n/1598005028577.jpg
n/1598005028575.jpg
n/maxresdefault.jpg
n/4rjyz2x3kx8z.jpg
n/1598005028585.jpg
n/1598005028584.jpg
n/1598005028583.jpg
n/1598005028582.jpg
n/1598005028541.jpg
n/1598005028540.jpg
n/1598005028581.jpg
n/internal-factory-buildings-interior-abandoned-42692582.jpg
n/?????-???-????-???-58170280.jpg
n/1598005028580.jpg
n/1598005028579.jpg
n/1598005028574.jpg
n/1.jpg
n/1598005028578.jpg
n/1598005028573.jpg
n/1598005028572.jpg
n/1598005028571.jpg
n/pngtree-random-energy-wave-background-image_307670.jpg
n/photo-1487088678257-3a541e6e3922.jpg
n/xxberlin-wall-archive-articleLarge.jpg
n/chic-wall-decor-ideas-2019.jpg
n/GrantGibson1.jpg
n/panorera-wall-clock__0904603_PE668472_S5.jpg
n/1598005028576.jpg
n/wall-painting-art-250x250.jpg
n/accent-wall-1542252031.jpg
n/Paint-colors-that-make-your-living-room-more-pleasant-1024x640.jpg
n/4be67ebcd61ec076e2ec9423530f1b44.jpg
n/AdobeStock_264003949.jpg
n/eb0f86db-a87d-486a-b559-8f5359c9b3d5.jpg
n/Headspace_wall_paint_2.jpg
n/interior-wall-paint-longevity-tips-extend-life-of-interior-paint-job.jpg
n/ximage.jpg.pagespeed.ic.6ww0C5z3xc.jpg
n/thumb.jpg
n/gallery-wall-inspiration-phbx120119scherer-001-1581532198.jpg
n/pexels-photo-93417.jpeg
n/diy-wall-decor-ideas-1578518724.jpg
n/GettyImages-1181070865-1024x683.jpg
n/1598005028542.jpg
n/4096.jpg
n/b2704-modern-wall-stencils-for-painting-wide-range-god-stencil-desig-offer-by-tools-tools-wide-range-of-desg-large-modern-wall-stencils-painting.jpg
n/51IxyvvFElL.jpg
n/_106055996_mediaitem106055995.jpg
n/51Y96R5IfzL._SX355_.jpg
n/designer-finishes.jpg
n/51UGWIel26L._SX300_QL70_ML2_.jpg
n/1598005028585.jpeg
n/1598005028570.jpg
n/pexels-photo-1227515.jpeg
n/photo-1525562932397-2b8d29361f35.jpg
n/1596111488938.jpg
n/3NIEQB3SFVCMNHH6MHZ42FO6PA.jpg
n/17285-abstract-yellow-pink-wave-background-design.jpg
n/1e821d637933b9c03123a8d3e59cdb45.jpg
n/1596111488937.jpg
n/2363716.jpg
n/91391000-black-and-white-geometric-pattern-triangle-polygon-design-vector-background.jpg
n/42411174-geometric-triangle-pattern-background-grey-white-vector.jpg
n/79344814-grey-triangles-seamless-pattern-geometric-wallpaper-vector-background.jpg
n/80907058-simple-gray-background-made-of-triangles-of-white-and-grey-triangles.jpg
n/22386825-vector-seamless-geometric-simple-pattern-gray-abstract-background-for-design.jpg
n/1596111488946.jpg
n/1596111488945.jpg
n/1596111488944.jpg
n/1596111488943.jpg
n/1596111488942.jpg
n/1596111488941.jpg
n/rm200-nunoon-33.jpg
n/istockphoto-1138395421-612x612.jpg
n/1596111488940.jpg
n/abstract-background-blue-green-gradient-panels-little-crosses-websites-business-cards-postcards-advertisements-153510908.jpg
n/spring-background-4035402__340.jpg
n/html-color-codes-color-tutorials-hero-00e10b1f.jpg
n/abstract-blue-red-smoke-steam-260nw-1468643051.jpg
n/watercolor-background_87374-69.jpg
n/rm21-smoke-bb-5_1.jpg
n/1596111488935.jpg
n/pngtree-pure-color-watercolor-graffiti-gradient-background-board-design-board-design-image_66713.jpg
n/1596111488947.jpg
n/pexels-photo-949587.jpeg
n/af8d63a477078732b79ff9d9fc60873f.jpg
n/photo-1579546929518-9e396f3cc809.jpg
n/abstract-technology-particle-background_52683-25766.jpg
n/1596111488934.jpg
n/1596111488933.jpg
n/download.jpg
n/pexels-photo-255379.jpeg
n/colorful-memphis-design-background-vector_53876-85181.jpg
n/170_MjkwOTIwMTkgQWJzdHJhY3QgbWVtcGhpcyAtMDQ.jpg
n/1596111488939.jpg
n/1596111488936.jpg
n/GatorEyes.jpg
n/123815906-black-black-white-lines-background-on-white-background-geometric-decorative-texture-simple-design-ba.jpg
n/84740961-abstract-mosaic-background-on-a-simple-presentation-.jpg
n/36056927-stock-vector-blue-white-light-polygonal-mosaic-background-vector-illustration-creative-business-design-templates.jpg
n/images.jpg
n/Wallpaper-bug-759.jpg
n/1596111488935.jpeg
n/ezuww7uuwamdefi-1591208082.jpeg